[2025-12-23 20:24:44,332][main][INFO] - Using dataset: hrrr_mini
[2025-12-23 20:24:44,334][main][INFO] - Saving the outputs in /Users/monish/Desktop/Research Job/corrdiff_project/physicsnemo/examples/weather/corrdiff
[2025-12-23 20:24:44,335][checkpoint][WARNING] - Provided checkpoint directory ./checkpoints_regression does not exist, skipping load
[2025-12-23 20:27:00,941][main][INFO] - Patch-based training disabled
[2025-12-23 20:27:02,565][checkpoint][WARNING] - Provided checkpoint directory ./checkpoints_regression does not exist, skipping load
[2025-12-23 20:27:02,565][main][INFO] - Using 1 gradient accumulation rounds
[2025-12-23 20:27:02,565][main][INFO] - Training a non-patched model: patch gradient accumulation automatically disabled.
[2025-12-23 20:27:02,566][checkpoint][WARNING] - Provided checkpoint directory ./checkpoints_regression does not exist, skipping load
[2025-12-23 20:27:02,566][main][INFO] - Training for 512 images...
[2025-12-23 20:27:09,264][main][INFO] - Starting Profiler at 24
[2025-12-23 20:27:09,567][main][INFO] - Stopping Profiler at 25
[2025-12-23 20:27:16,625][main][INFO] - samples 50.0      training_loss 5330.11 training_loss_running_mean 6023.69 learning_rate 0.00020000 total_sec 14.1    sec_per_tick 0.3     sec_per_sample 0.26    cpu_mem_gb 0.70  
[2025-12-23 20:27:31,017][main][INFO] - samples 100.0     training_loss 6789.27 training_loss_running_mean 5459.42 learning_rate 0.00020000 total_sec 28.5    sec_per_tick 0.3     sec_per_sample 0.28    cpu_mem_gb 0.66  
[2025-12-23 20:27:47,404][main][INFO] - samples 150.0     training_loss 5588.69 training_loss_running_mean 2665.61 learning_rate 0.00020000 total_sec 44.8    sec_per_tick 0.3     sec_per_sample 0.28    cpu_mem_gb 0.69  
[2025-12-23 20:28:02,314][main][INFO] - samples 200.0     training_loss 2643.14 training_loss_running_mean 2949.22 learning_rate 0.00020000 total_sec 59.7    sec_per_tick 1.2     sec_per_sample 1.18    cpu_mem_gb 0.43  
[2025-12-23 20:28:17,151][main][INFO] - samples 250.0     training_loss 7476.92 training_loss_running_mean 2721.06 learning_rate 0.00020000 total_sec 74.6    sec_per_tick 0.3     sec_per_sample 0.30    cpu_mem_gb 0.73  
[2025-12-23 20:28:30,331][main][INFO] - samples 300.0     training_loss 3796.90 training_loss_running_mean 2356.08 learning_rate 0.00020000 total_sec 87.8    sec_per_tick 0.2     sec_per_sample 0.25    cpu_mem_gb 0.78  
[2025-12-23 20:28:44,067][main][INFO] - samples 350.0     training_loss 3957.87 training_loss_running_mean 2379.32 learning_rate 0.00020000 total_sec 101.5   sec_per_tick 0.3     sec_per_sample 0.27    cpu_mem_gb 0.79  
[2025-12-23 20:28:57,340][main][INFO] - samples 400.0     training_loss 1594.38 training_loss_running_mean 2454.01 learning_rate 0.00020000 total_sec 114.8   sec_per_tick 0.2     sec_per_sample 0.25    cpu_mem_gb 0.80  
[2025-12-23 20:29:10,617][main][INFO] - samples 450.0     training_loss 1644.03 training_loss_running_mean 3178.62 learning_rate 0.00020000 total_sec 128.1   sec_per_tick 0.3     sec_per_sample 0.27    cpu_mem_gb 0.78  
[2025-12-23 20:29:23,956][main][INFO] - samples 500.0     training_loss 1363.40 training_loss_running_mean 2224.64 learning_rate 0.00020000 total_sec 141.4   sec_per_tick 0.3     sec_per_sample 0.27    cpu_mem_gb 0.78  
[2025-12-23 20:29:27,151][main][INFO] - samples 512.0     training_loss 1587.44 training_loss_running_mean 1871.88 learning_rate 0.00020000 total_sec 144.6   sec_per_tick 0.3     sec_per_sample 0.27    cpu_mem_gb 0.76  
[2025-12-23 20:29:27,152][checkpoint][WARNING] - Output directory ./checkpoints_regression does not exist, will attempt to create
[2025-12-23 20:29:27,268][checkpoint][INFO] - Saved model state dictionary: /Users/monish/Desktop/Research Job/corrdiff_project/physicsnemo/examples/weather/corrdiff/checkpoints_regression/CorrDiffRegressionUNet.0.512.mdlus
[2025-12-23 20:29:27,350][checkpoint][INFO] - Saved training checkpoint: /Users/monish/Desktop/Research Job/corrdiff_project/physicsnemo/examples/weather/corrdiff/checkpoints_regression/checkpoint.0.512.pt
[2025-12-23 20:29:27,350][main][INFO] - Training Completed.
[1;34mwandb[0m: 
[1;34mwandb[0m: You can sync this run to the cloud by running:
[1;34mwandb[0m: [1mwandb sync wandb/wandb/offline-run-20251223_202443-08qor270[0m
