[2025-12-23 19:20:32,389][main][INFO] - Using dataset: hrrr_mini
[2025-12-23 19:20:32,392][main][INFO] - Saving the outputs in /Users/monish/Desktop/Research Job/corrdiff_project/physicsnemo/examples/weather/corrdiff
[2025-12-23 19:20:32,392][checkpoint][WARNING] - Provided checkpoint directory ./checkpoints_diffusion does not exist, skipping load
[2025-12-23 19:26:28,862][main][INFO] - Patch-based training disabled
[2025-12-23 19:26:32,556][checkpoint][WARNING] - Provided checkpoint directory ./checkpoints_diffusion does not exist, skipping load
[2025-12-23 19:26:32,864][main][INFO] - Loaded the pre-trained regression model
[2025-12-23 19:26:33,308][main][INFO] - Using 1 gradient accumulation rounds
[2025-12-23 19:26:33,310][main][INFO] - Training a non-patched model: patch gradient accumulation automatically disabled.
[2025-12-23 19:26:33,315][checkpoint][WARNING] - Provided checkpoint directory ./checkpoints_diffusion does not exist, skipping load
[2025-12-23 19:26:33,316][main][INFO] - Training for 512 images...
[2025-12-23 19:26:48,323][main][INFO] - Starting Profiler at 24
[2025-12-23 19:26:51,189][main][INFO] - Stopping Profiler at 25
[2025-12-23 19:27:09,300][main][INFO] - samples 50.0      training_loss 8955.94 training_loss_running_mean 7971.52 learning_rate 0.00020000 total_sec 36.0    sec_per_tick 0.7     sec_per_sample 0.72    cpu_mem_gb 0.43  
[2025-12-23 19:27:44,757][main][INFO] - samples 100.0     training_loss 10671.07 training_loss_running_mean 7263.05 learning_rate 0.00020000 total_sec 71.4    sec_per_tick 0.9     sec_per_sample 0.95    cpu_mem_gb 0.44  
[2025-12-23 19:28:20,962][main][INFO] - samples 150.0     training_loss 8069.14 training_loss_running_mean 7015.59 learning_rate 0.00020000 total_sec 107.6   sec_per_tick 0.4     sec_per_sample 0.44    cpu_mem_gb 0.60  
[2025-12-23 19:28:54,624][main][INFO] - samples 200.0     training_loss 10638.78 training_loss_running_mean 6406.76 learning_rate 0.00020000 total_sec 141.3   sec_per_tick 0.5     sec_per_sample 0.45    cpu_mem_gb 0.77  
[2025-12-23 19:29:20,946][main][INFO] - samples 250.0     training_loss 13953.89 training_loss_running_mean 6161.81 learning_rate 0.00020000 total_sec 167.6   sec_per_tick 0.8     sec_per_sample 0.81    cpu_mem_gb 0.44  
[2025-12-23 19:29:45,704][main][INFO] - samples 300.0     training_loss 11020.92 training_loss_running_mean 6548.68 learning_rate 0.00020000 total_sec 192.4   sec_per_tick 0.5     sec_per_sample 0.45    cpu_mem_gb 0.83  
[2025-12-23 19:30:13,416][main][INFO] - samples 350.0     training_loss 8060.47 training_loss_running_mean 6032.58 learning_rate 0.00020000 total_sec 220.1   sec_per_tick 0.5     sec_per_sample 0.48    cpu_mem_gb 0.82  
[2025-12-23 19:30:37,032][main][INFO] - samples 400.0     training_loss 3711.69 training_loss_running_mean 6049.28 learning_rate 0.00020000 total_sec 243.7   sec_per_tick 0.6     sec_per_sample 0.59    cpu_mem_gb 0.61  
[2025-12-23 19:31:00,417][main][INFO] - samples 450.0     training_loss 5861.38 training_loss_running_mean 7589.41 learning_rate 0.00020000 total_sec 267.1   sec_per_tick 0.5     sec_per_sample 0.45    cpu_mem_gb 0.86  
[2025-12-23 19:31:26,955][main][INFO] - samples 500.0     training_loss 4606.62 training_loss_running_mean 6523.37 learning_rate 0.00020000 total_sec 293.6   sec_per_tick 0.7     sec_per_sample 0.67    cpu_mem_gb 0.43  
[2025-12-23 19:31:39,938][main][INFO] - samples 512.0     training_loss 5888.26 training_loss_running_mean 5377.70 learning_rate 0.00020000 total_sec 306.6   sec_per_tick 0.5     sec_per_sample 0.53    cpu_mem_gb 0.50  
[2025-12-23 19:31:39,983][checkpoint][WARNING] - Output directory ./checkpoints_diffusion does not exist, will attempt to create
[2025-12-23 19:31:40,170][checkpoint][INFO] - Saved model state dictionary: /Users/monish/Desktop/Research Job/corrdiff_project/physicsnemo/examples/weather/corrdiff/checkpoints_diffusion/EDMPrecondSuperResolution.0.512.mdlus
[2025-12-23 19:31:40,272][checkpoint][INFO] - Saved training checkpoint: /Users/monish/Desktop/Research Job/corrdiff_project/physicsnemo/examples/weather/corrdiff/checkpoints_diffusion/checkpoint.0.512.pt
[2025-12-23 19:31:40,272][main][INFO] - Training Completed.
[1;34mwandb[0m: 
[1;34mwandb[0m: You can sync this run to the cloud by running:
[1;34mwandb[0m: [1mwandb sync wandb/wandb/offline-run-20251223_192031-vyoed55b[0m
