[2025-12-23 19:34:52,485][main][INFO] - Using dataset: hrrr_mini
[2025-12-23 19:34:52,491][main][INFO] - Saving the outputs in /Users/monish/Desktop/Research Job/corrdiff_project/physicsnemo/examples/weather/corrdiff
[2025-12-23 19:34:52,491][checkpoint][WARNING] - Provided checkpoint directory ./checkpoints_regression does not exist, skipping load
[2025-12-23 19:38:58,650][main][INFO] - Patch-based training disabled
[2025-12-23 19:39:01,063][checkpoint][WARNING] - Provided checkpoint directory ./checkpoints_regression does not exist, skipping load
[2025-12-23 19:39:01,066][main][INFO] - Using 1 gradient accumulation rounds
[2025-12-23 19:39:01,066][main][INFO] - Training a non-patched model: patch gradient accumulation automatically disabled.
[2025-12-23 19:39:01,131][checkpoint][WARNING] - Provided checkpoint directory ./checkpoints_regression does not exist, skipping load
[2025-12-23 19:39:01,139][main][INFO] - Training for 512 images...
[2025-12-23 19:39:08,568][main][INFO] - Starting Profiler at 24
[2025-12-23 19:39:08,856][main][INFO] - Stopping Profiler at 25
[2025-12-23 19:39:15,455][main][INFO] - samples 50.0      training_loss 7443.82 training_loss_running_mean 5764.48 learning_rate 0.00100000 total_sec 14.3    sec_per_tick 0.3     sec_per_sample 0.27    cpu_mem_gb 0.90  
[2025-12-23 19:39:28,594][main][INFO] - samples 100.0     training_loss 6470.01 training_loss_running_mean 5704.00 learning_rate 0.00100000 total_sec 27.5    sec_per_tick 0.3     sec_per_sample 0.26    cpu_mem_gb 0.90  
[2025-12-23 19:39:42,051][main][INFO] - samples 150.0     training_loss 3967.40 training_loss_running_mean 2747.17 learning_rate 0.00100000 total_sec 40.9    sec_per_tick 0.3     sec_per_sample 0.28    cpu_mem_gb 0.82  
[2025-12-23 19:40:01,988][main][INFO] - samples 200.0     training_loss 1684.13 training_loss_running_mean 3095.30 learning_rate 0.00100000 total_sec 60.9    sec_per_tick 0.3     sec_per_sample 0.28    cpu_mem_gb 0.75  
[2025-12-23 19:40:21,967][main][INFO] - samples 250.0     training_loss 6210.05 training_loss_running_mean 2906.18 learning_rate 0.00100000 total_sec 80.8    sec_per_tick 0.9     sec_per_sample 0.86    cpu_mem_gb 0.35  
[2025-12-23 19:41:00,234][main][INFO] - samples 300.0     training_loss 3566.54 training_loss_running_mean 2420.83 learning_rate 0.00100000 total_sec 119.1   sec_per_tick 0.4     sec_per_sample 0.41    cpu_mem_gb 0.44  
[2025-12-23 19:41:20,651][main][INFO] - samples 350.0     training_loss 3942.66 training_loss_running_mean 2051.25 learning_rate 0.00100000 total_sec 139.5   sec_per_tick 0.5     sec_per_sample 0.50    cpu_mem_gb 0.39  
[2025-12-23 19:41:40,895][main][INFO] - samples 400.0     training_loss 2164.22 training_loss_running_mean 2610.65 learning_rate 0.00100000 total_sec 159.8   sec_per_tick 0.5     sec_per_sample 0.49    cpu_mem_gb 0.41  
[2025-12-23 19:42:05,144][main][INFO] - samples 450.0     training_loss 2683.24 training_loss_running_mean 3733.89 learning_rate 0.00100000 total_sec 184.0   sec_per_tick 0.7     sec_per_sample 0.65    cpu_mem_gb 0.37  
[2025-12-23 19:42:21,950][main][INFO] - samples 500.0     training_loss 1508.74 training_loss_running_mean 1945.57 learning_rate 0.00100000 total_sec 200.8   sec_per_tick 0.3     sec_per_sample 0.27    cpu_mem_gb 0.73  
[2025-12-23 19:42:25,139][main][INFO] - samples 512.0     training_loss 1949.06 training_loss_running_mean 2006.09 learning_rate 0.00100000 total_sec 204.0   sec_per_tick 0.2     sec_per_sample 0.25    cpu_mem_gb 0.77  
[2025-12-23 19:42:25,146][checkpoint][WARNING] - Output directory ./checkpoints_regression does not exist, will attempt to create
[2025-12-23 19:42:25,308][checkpoint][INFO] - Saved model state dictionary: /Users/monish/Desktop/Research Job/corrdiff_project/physicsnemo/examples/weather/corrdiff/checkpoints_regression/CorrDiffRegressionUNet.0.512.mdlus
[2025-12-23 19:42:29,183][checkpoint][INFO] - Saved training checkpoint: /Users/monish/Desktop/Research Job/corrdiff_project/physicsnemo/examples/weather/corrdiff/checkpoints_regression/checkpoint.0.512.pt
[2025-12-23 19:42:29,185][main][INFO] - Training Completed.
[1;34mwandb[0m: 
[1;34mwandb[0m: You can sync this run to the cloud by running:
[1;34mwandb[0m: [1mwandb sync wandb/wandb/offline-run-20251223_193451-a26pg122[0m
