[2025-12-23 19:09:37,826][main][INFO] - Using dataset: hrrr_mini
[2025-12-23 19:09:37,829][main][INFO] - Saving the outputs in /Users/monish/Desktop/Research Job/corrdiff_project/physicsnemo/examples/weather/corrdiff
[2025-12-23 19:09:37,830][checkpoint][WARNING] - Provided checkpoint directory ./checkpoints_regression does not exist, skipping load
[2025-12-23 19:14:55,745][main][INFO] - Patch-based training disabled
[2025-12-23 19:14:58,720][checkpoint][WARNING] - Provided checkpoint directory ./checkpoints_regression does not exist, skipping load
[2025-12-23 19:14:58,721][main][INFO] - Using 1 gradient accumulation rounds
[2025-12-23 19:14:58,721][main][INFO] - Training a non-patched model: patch gradient accumulation automatically disabled.
[2025-12-23 19:14:58,721][checkpoint][WARNING] - Provided checkpoint directory ./checkpoints_regression does not exist, skipping load
[2025-12-23 19:14:58,722][main][INFO] - Training for 512 images...
[2025-12-23 19:15:07,297][main][INFO] - Starting Profiler at 24
[2025-12-23 19:15:08,588][main][INFO] - Stopping Profiler at 25
[2025-12-23 19:15:22,214][main][INFO] - samples 50.0      training_loss 5330.11 training_loss_running_mean 6023.69 learning_rate 0.00020000 total_sec 23.5    sec_per_tick 0.3     sec_per_sample 0.26    cpu_mem_gb 0.57  
[2025-12-23 19:15:35,774][main][INFO] - samples 100.0     training_loss 6789.27 training_loss_running_mean 5459.42 learning_rate 0.00020000 total_sec 37.1    sec_per_tick 0.3     sec_per_sample 0.28    cpu_mem_gb 0.79  
[2025-12-23 19:15:51,454][main][INFO] - samples 150.0     training_loss 5588.69 training_loss_running_mean 2665.61 learning_rate 0.00020000 total_sec 52.7    sec_per_tick 1.8     sec_per_sample 1.85    cpu_mem_gb 0.20  
[2025-12-23 19:16:11,215][main][INFO] - samples 200.0     training_loss 2643.14 training_loss_running_mean 2949.22 learning_rate 0.00020000 total_sec 72.5    sec_per_tick 0.3     sec_per_sample 0.34    cpu_mem_gb 0.61  
[2025-12-23 19:16:35,214][main][INFO] - samples 250.0     training_loss 7476.92 training_loss_running_mean 2721.06 learning_rate 0.00020000 total_sec 96.5    sec_per_tick 0.3     sec_per_sample 0.28    cpu_mem_gb 0.76  
[2025-12-23 19:16:52,229][main][INFO] - samples 300.0     training_loss 3796.90 training_loss_running_mean 2356.08 learning_rate 0.00020000 total_sec 113.5   sec_per_tick 0.3     sec_per_sample 0.26    cpu_mem_gb 0.83  
[2025-12-23 19:17:10,231][main][INFO] - samples 350.0     training_loss 3957.87 training_loss_running_mean 2379.32 learning_rate 0.00020000 total_sec 131.5   sec_per_tick 0.3     sec_per_sample 0.29    cpu_mem_gb 0.76  
[2025-12-23 19:17:32,235][main][INFO] - samples 400.0     training_loss 1594.38 training_loss_running_mean 2454.01 learning_rate 0.00020000 total_sec 153.5   sec_per_tick 0.5     sec_per_sample 0.46    cpu_mem_gb 0.40  
[2025-12-23 19:17:46,583][main][INFO] - samples 450.0     training_loss 1644.03 training_loss_running_mean 3178.62 learning_rate 0.00020000 total_sec 167.9   sec_per_tick 0.3     sec_per_sample 0.26    cpu_mem_gb 0.71  
[2025-12-23 19:18:04,317][main][INFO] - samples 500.0     training_loss 1363.40 training_loss_running_mean 2224.64 learning_rate 0.00020000 total_sec 185.6   sec_per_tick 0.3     sec_per_sample 0.26    cpu_mem_gb 0.81  
[2025-12-23 19:18:07,636][main][INFO] - samples 512.0     training_loss 1587.44 training_loss_running_mean 1871.88 learning_rate 0.00020000 total_sec 188.9   sec_per_tick 0.3     sec_per_sample 0.26    cpu_mem_gb 0.70  
[2025-12-23 19:18:07,640][checkpoint][WARNING] - Output directory ./checkpoints_regression does not exist, will attempt to create
[2025-12-23 19:18:07,785][checkpoint][INFO] - Saved model state dictionary: /Users/monish/Desktop/Research Job/corrdiff_project/physicsnemo/examples/weather/corrdiff/checkpoints_regression/CorrDiffRegressionUNet.0.512.mdlus
[2025-12-23 19:18:07,874][checkpoint][INFO] - Saved training checkpoint: /Users/monish/Desktop/Research Job/corrdiff_project/physicsnemo/examples/weather/corrdiff/checkpoints_regression/checkpoint.0.512.pt
[2025-12-23 19:18:07,874][main][INFO] - Training Completed.
[1;34mwandb[0m: 
[1;34mwandb[0m: You can sync this run to the cloud by running:
[1;34mwandb[0m: [1mwandb sync wandb/wandb/offline-run-20251223_190937-vs39qmu6[0m
