[2025-12-23 18:52:59,593][main][INFO] - Using dataset: hrrr_mini
[2025-12-23 18:52:59,596][main][INFO] - Saving the outputs in /Users/monish/Desktop/Research Job/corrdiff_project/physicsnemo/examples/weather/corrdiff
[2025-12-23 18:52:59,596][checkpoint][WARNING] - Provided checkpoint directory ./checkpoints_regression does not exist, skipping load
[2025-12-23 18:55:47,669][main][INFO] - Patch-based training disabled
[2025-12-23 18:55:49,817][checkpoint][WARNING] - Provided checkpoint directory ./checkpoints_regression does not exist, skipping load
[2025-12-23 18:55:49,818][main][INFO] - Using 1 gradient accumulation rounds
[2025-12-23 18:55:49,819][main][INFO] - Training a non-patched model: patch gradient accumulation automatically disabled.
[2025-12-23 18:55:49,819][checkpoint][WARNING] - Provided checkpoint directory ./checkpoints_regression does not exist, skipping load
[2025-12-23 18:55:49,820][main][INFO] - Training for 512 images...
[2025-12-23 18:55:56,254][main][INFO] - Starting Profiler at 24
[2025-12-23 18:55:56,612][main][INFO] - Stopping Profiler at 25
[2025-12-23 18:56:03,170][main][INFO] - samples 50.0      training_loss 4950.54 training_loss_running_mean 6523.26 learning_rate 0.00010000 total_sec 13.4    sec_per_tick 0.3     sec_per_sample 0.28    cpu_mem_gb 0.95  
[2025-12-23 18:56:16,302][main][INFO] - samples 100.0     training_loss 5798.16 training_loss_running_mean 6416.83 learning_rate 0.00010000 total_sec 26.5    sec_per_tick 0.3     sec_per_sample 0.27    cpu_mem_gb 0.88  
[2025-12-23 18:56:29,275][main][INFO] - samples 150.0     training_loss 7817.61 training_loss_running_mean 3051.12 learning_rate 0.00010000 total_sec 39.5    sec_per_tick 0.3     sec_per_sample 0.26    cpu_mem_gb 0.86  
[2025-12-23 18:56:42,263][main][INFO] - samples 200.0     training_loss 3024.48 training_loss_running_mean 3077.29 learning_rate 0.00010000 total_sec 52.4    sec_per_tick 0.3     sec_per_sample 0.26    cpu_mem_gb 0.84  
[2025-12-23 18:56:55,305][main][INFO] - samples 250.0     training_loss 5692.98 training_loss_running_mean 2855.43 learning_rate 0.00010000 total_sec 65.5    sec_per_tick 0.3     sec_per_sample 0.26    cpu_mem_gb 0.85  
[2025-12-23 18:57:08,041][main][INFO] - samples 300.0     training_loss 4660.83 training_loss_running_mean 2453.00 learning_rate 0.00010000 total_sec 78.2    sec_per_tick 0.3     sec_per_sample 0.25    cpu_mem_gb 0.78  
[2025-12-23 18:57:23,592][main][INFO] - samples 350.0     training_loss 3899.34 training_loss_running_mean 2590.77 learning_rate 0.00010000 total_sec 93.8    sec_per_tick 0.5     sec_per_sample 0.52    cpu_mem_gb 0.37  
[2025-12-23 18:57:39,453][main][INFO] - samples 400.0     training_loss 2173.57 training_loss_running_mean 2684.82 learning_rate 0.00010000 total_sec 109.6   sec_per_tick 0.3     sec_per_sample 0.34    cpu_mem_gb 0.64  
[2025-12-23 18:57:53,984][main][INFO] - samples 450.0     training_loss 1859.46 training_loss_running_mean 3439.98 learning_rate 0.00010000 total_sec 124.2   sec_per_tick 0.3     sec_per_sample 0.29    cpu_mem_gb 0.64  
[2025-12-23 18:58:08,831][main][INFO] - samples 500.0     training_loss 1660.31 training_loss_running_mean 2228.62 learning_rate 0.00010000 total_sec 139.0   sec_per_tick 0.3     sec_per_sample 0.32    cpu_mem_gb 0.54  
[2025-12-23 18:58:12,780][main][INFO] - samples 512.0     training_loss 1691.34 training_loss_running_mean 1901.73 learning_rate 0.00010000 total_sec 143.0   sec_per_tick 0.3     sec_per_sample 0.27    cpu_mem_gb 0.58  
[2025-12-23 18:58:12,782][checkpoint][WARNING] - Output directory ./checkpoints_regression does not exist, will attempt to create
[2025-12-23 18:58:12,913][checkpoint][INFO] - Saved model state dictionary: /Users/monish/Desktop/Research Job/corrdiff_project/physicsnemo/examples/weather/corrdiff/checkpoints_regression/CorrDiffRegressionUNet.0.512.mdlus
[2025-12-23 18:58:12,985][checkpoint][INFO] - Saved training checkpoint: /Users/monish/Desktop/Research Job/corrdiff_project/physicsnemo/examples/weather/corrdiff/checkpoints_regression/checkpoint.0.512.pt
[2025-12-23 18:58:12,985][main][INFO] - Training Completed.
[1;34mwandb[0m: 
[1;34mwandb[0m: You can sync this run to the cloud by running:
[1;34mwandb[0m: [1mwandb sync wandb/wandb/offline-run-20251223_185259-i60a38la[0m
