[2025-12-23 17:02:04,574][main][INFO] - Using dataset: hrrr_mini
[2025-12-23 17:02:04,575][main][INFO] - Saving the outputs in /Users/monish/Desktop/Research Job/corrdiff_project/physicsnemo/examples/weather/corrdiff
[2025-12-23 17:02:04,575][checkpoint][WARNING] - Provided checkpoint directory ./checkpoints_diffusion does not exist, skipping load
[2025-12-23 17:04:17,216][main][INFO] - Patch-based training disabled
[2025-12-23 17:04:18,678][checkpoint][WARNING] - Provided checkpoint directory ./checkpoints_diffusion does not exist, skipping load
[2025-12-23 17:04:18,791][main][INFO] - Loaded the pre-trained regression model
[2025-12-23 17:04:18,791][main][INFO] - Using 1 gradient accumulation rounds
[2025-12-23 17:04:18,791][main][INFO] - Training a non-patched model: patch gradient accumulation automatically disabled.
[2025-12-23 17:04:18,792][checkpoint][WARNING] - Provided checkpoint directory ./checkpoints_diffusion does not exist, skipping load
[2025-12-23 17:04:18,792][main][INFO] - Training for 512 images...
[2025-12-23 17:04:31,286][main][INFO] - Starting Profiler at 24
[2025-12-23 17:04:31,768][main][INFO] - Stopping Profiler at 25
[2025-12-23 17:04:43,488][main][INFO] - samples 50.0      training_loss 8955.94 training_loss_running_mean 7971.52 learning_rate 0.00020000 total_sec 24.7    sec_per_tick 0.5     sec_per_sample 0.47    cpu_mem_gb 0.78  
[2025-12-23 17:05:06,214][main][INFO] - samples 100.0     training_loss 10671.07 training_loss_running_mean 7263.05 learning_rate 0.00020000 total_sec 47.4    sec_per_tick 0.5     sec_per_sample 0.53    cpu_mem_gb 0.87  
[2025-12-23 17:05:30,989][main][INFO] - samples 150.0     training_loss 8069.14 training_loss_running_mean 7015.59 learning_rate 0.00020000 total_sec 72.2    sec_per_tick 0.4     sec_per_sample 0.45    cpu_mem_gb 0.62  
[2025-12-23 17:05:56,843][main][INFO] - samples 200.0     training_loss 10638.78 training_loss_running_mean 6406.76 learning_rate 0.00020000 total_sec 98.1    sec_per_tick 0.4     sec_per_sample 0.44    cpu_mem_gb 0.84  
[2025-12-23 17:06:21,717][main][INFO] - samples 250.0     training_loss 13953.89 training_loss_running_mean 6161.81 learning_rate 0.00020000 total_sec 122.9   sec_per_tick 0.5     sec_per_sample 0.50    cpu_mem_gb 0.61  
[2025-12-23 17:06:47,019][main][INFO] - samples 300.0     training_loss 11020.92 training_loss_running_mean 6548.68 learning_rate 0.00020000 total_sec 148.2   sec_per_tick 0.5     sec_per_sample 0.47    cpu_mem_gb 0.79  
[2025-12-23 17:07:10,787][main][INFO] - samples 350.0     training_loss 8060.47 training_loss_running_mean 6032.58 learning_rate 0.00020000 total_sec 172.0   sec_per_tick 0.4     sec_per_sample 0.45    cpu_mem_gb 0.83  
[2025-12-23 17:07:34,221][main][INFO] - samples 400.0     training_loss 3711.69 training_loss_running_mean 6049.28 learning_rate 0.00020000 total_sec 195.4   sec_per_tick 0.4     sec_per_sample 0.45    cpu_mem_gb 0.83  
[2025-12-23 17:07:58,066][main][INFO] - samples 450.0     training_loss 5861.38 training_loss_running_mean 7589.41 learning_rate 0.00020000 total_sec 219.3   sec_per_tick 0.5     sec_per_sample 0.47    cpu_mem_gb 0.67  
[2025-12-23 17:08:21,690][main][INFO] - samples 500.0     training_loss 4606.62 training_loss_running_mean 6523.37 learning_rate 0.00020000 total_sec 242.9   sec_per_tick 0.5     sec_per_sample 0.45    cpu_mem_gb 0.80  
[2025-12-23 17:08:27,787][main][INFO] - samples 512.0     training_loss 5888.26 training_loss_running_mean 5377.70 learning_rate 0.00020000 total_sec 249.0   sec_per_tick 0.5     sec_per_sample 0.47    cpu_mem_gb 0.65  
[2025-12-23 17:08:27,788][checkpoint][WARNING] - Output directory ./checkpoints_diffusion does not exist, will attempt to create
[2025-12-23 17:08:28,004][checkpoint][INFO] - Saved model state dictionary: /Users/monish/Desktop/Research Job/corrdiff_project/physicsnemo/examples/weather/corrdiff/checkpoints_diffusion/EDMPrecondSuperResolution.0.512.mdlus
[2025-12-23 17:08:28,409][checkpoint][INFO] - Saved training checkpoint: /Users/monish/Desktop/Research Job/corrdiff_project/physicsnemo/examples/weather/corrdiff/checkpoints_diffusion/checkpoint.0.512.pt
[2025-12-23 17:08:28,409][main][INFO] - Training Completed.
[1;34mwandb[0m: 
[1;34mwandb[0m: You can sync this run to the cloud by running:
[1;34mwandb[0m: [1mwandb sync wandb/wandb/offline-run-20251223_170204-kz6m2b42[0m
