[2025-12-23 16:57:10,508][main][INFO] - Using dataset: hrrr_mini
[2025-12-23 16:57:10,509][main][INFO] - Saving the outputs in /Users/monish/Desktop/Research Job/corrdiff_project/physicsnemo/examples/weather/corrdiff
[2025-12-23 16:57:10,509][checkpoint][WARNING] - Provided checkpoint directory ./checkpoints_regression does not exist, skipping load
[2025-12-23 16:58:49,601][main][INFO] - Patch-based training disabled
[2025-12-23 16:58:51,062][checkpoint][WARNING] - Provided checkpoint directory ./checkpoints_regression does not exist, skipping load
[2025-12-23 16:58:51,062][main][INFO] - Using 1 gradient accumulation rounds
[2025-12-23 16:58:51,062][main][INFO] - Training a non-patched model: patch gradient accumulation automatically disabled.
[2025-12-23 16:58:51,063][checkpoint][WARNING] - Provided checkpoint directory ./checkpoints_regression does not exist, skipping load
[2025-12-23 16:58:51,063][main][INFO] - Training for 512 images...
[2025-12-23 16:58:57,781][main][INFO] - Starting Profiler at 24
[2025-12-23 16:58:58,036][main][INFO] - Stopping Profiler at 25
[2025-12-23 16:59:04,247][main][INFO] - samples 50.0      training_loss 5330.11 training_loss_running_mean 6023.69 learning_rate 0.00020000 total_sec 13.2    sec_per_tick 0.2     sec_per_sample 0.23    cpu_mem_gb 1.00  
[2025-12-23 16:59:16,914][main][INFO] - samples 100.0     training_loss 6789.27 training_loss_running_mean 5459.42 learning_rate 0.00020000 total_sec 25.9    sec_per_tick 0.3     sec_per_sample 0.28    cpu_mem_gb 0.99  
[2025-12-23 16:59:30,175][main][INFO] - samples 150.0     training_loss 5588.69 training_loss_running_mean 2665.61 learning_rate 0.00020000 total_sec 39.1    sec_per_tick 0.3     sec_per_sample 0.26    cpu_mem_gb 0.95  
[2025-12-23 16:59:43,824][main][INFO] - samples 200.0     training_loss 2643.14 training_loss_running_mean 2949.22 learning_rate 0.00020000 total_sec 52.8    sec_per_tick 0.3     sec_per_sample 0.26    cpu_mem_gb 0.84  
[2025-12-23 17:00:04,476][main][INFO] - samples 250.0     training_loss 7476.92 training_loss_running_mean 2721.06 learning_rate 0.00020000 total_sec 73.4    sec_per_tick 0.3     sec_per_sample 0.27    cpu_mem_gb 0.80  
[2025-12-23 17:00:24,893][main][INFO] - samples 300.0     training_loss 3796.90 training_loss_running_mean 2356.08 learning_rate 0.00020000 total_sec 93.8    sec_per_tick 0.3     sec_per_sample 0.27    cpu_mem_gb 0.82  
[2025-12-23 17:00:41,139][main][INFO] - samples 350.0     training_loss 3957.87 training_loss_running_mean 2379.32 learning_rate 0.00020000 total_sec 110.1   sec_per_tick 0.5     sec_per_sample 0.48    cpu_mem_gb 0.54  
[2025-12-23 17:00:55,168][main][INFO] - samples 400.0     training_loss 1594.38 training_loss_running_mean 2454.01 learning_rate 0.00020000 total_sec 124.1   sec_per_tick 0.2     sec_per_sample 0.25    cpu_mem_gb 0.91  
[2025-12-23 17:01:07,988][main][INFO] - samples 450.0     training_loss 1644.03 training_loss_running_mean 3178.62 learning_rate 0.00020000 total_sec 136.9   sec_per_tick 0.3     sec_per_sample 0.26    cpu_mem_gb 0.89  
[2025-12-23 17:01:20,923][main][INFO] - samples 500.0     training_loss 1363.40 training_loss_running_mean 2224.64 learning_rate 0.00020000 total_sec 149.9   sec_per_tick 0.2     sec_per_sample 0.24    cpu_mem_gb 0.89  
[2025-12-23 17:01:23,990][main][INFO] - samples 512.0     training_loss 1587.44 training_loss_running_mean 1871.88 learning_rate 0.00020000 total_sec 152.9   sec_per_tick 0.3     sec_per_sample 0.26    cpu_mem_gb 0.90  
[2025-12-23 17:01:23,993][checkpoint][WARNING] - Output directory ./checkpoints_regression does not exist, will attempt to create
[2025-12-23 17:01:24,088][checkpoint][INFO] - Saved model state dictionary: /Users/monish/Desktop/Research Job/corrdiff_project/physicsnemo/examples/weather/corrdiff/checkpoints_regression/CorrDiffRegressionUNet.0.512.mdlus
[2025-12-23 17:01:24,150][checkpoint][INFO] - Saved training checkpoint: /Users/monish/Desktop/Research Job/corrdiff_project/physicsnemo/examples/weather/corrdiff/checkpoints_regression/checkpoint.0.512.pt
[2025-12-23 17:01:24,150][main][INFO] - Training Completed.
[1;34mwandb[0m: 
[1;34mwandb[0m: You can sync this run to the cloud by running:
[1;34mwandb[0m: [1mwandb sync wandb/wandb/offline-run-20251223_165710-mgwf5cto[0m
