[2025-12-23 16:28:30,493][main][INFO] - Using dataset: hrrr_mini
[2025-12-23 16:28:30,494][main][INFO] - Saving the outputs in /Users/monish/Desktop/Research Job/corrdiff_project/physicsnemo/examples/weather/corrdiff
[2025-12-23 16:28:30,495][checkpoint][WARNING] - Provided checkpoint directory ./checkpoints_diffusion does not exist, skipping load
[2025-12-23 16:30:18,457][main][INFO] - Patch-based training disabled
[2025-12-23 16:30:20,831][checkpoint][WARNING] - Provided checkpoint directory ./checkpoints_diffusion does not exist, skipping load
[2025-12-23 16:30:20,948][main][INFO] - Loaded the pre-trained regression model
[2025-12-23 16:30:20,948][main][INFO] - Using 1 gradient accumulation rounds
[2025-12-23 16:30:20,949][main][INFO] - Training a non-patched model: patch gradient accumulation automatically disabled.
[2025-12-23 16:30:20,950][checkpoint][WARNING] - Provided checkpoint directory ./checkpoints_diffusion does not exist, skipping load
[2025-12-23 16:30:20,950][main][INFO] - Training for 512 images...
[2025-12-23 16:30:31,559][main][INFO] - Starting Profiler at 24
[2025-12-23 16:30:32,018][main][INFO] - Stopping Profiler at 25
[2025-12-23 16:30:43,580][main][INFO] - samples 50.0      training_loss 8955.94 training_loss_running_mean 7971.52 learning_rate 0.00020000 total_sec 22.6    sec_per_tick 0.5     sec_per_sample 0.48    cpu_mem_gb 0.78  
[2025-12-23 16:31:05,939][main][INFO] - samples 100.0     training_loss 10671.07 training_loss_running_mean 7263.05 learning_rate 0.00020000 total_sec 45.0    sec_per_tick 0.4     sec_per_sample 0.44    cpu_mem_gb 0.90  
[2025-12-23 16:31:28,357][main][INFO] - samples 150.0     training_loss 8069.14 training_loss_running_mean 7015.59 learning_rate 0.00020000 total_sec 67.4    sec_per_tick 0.5     sec_per_sample 0.45    cpu_mem_gb 0.81  
[2025-12-23 16:31:50,815][main][INFO] - samples 200.0     training_loss 10638.78 training_loss_running_mean 6406.76 learning_rate 0.00020000 total_sec 89.9    sec_per_tick 0.5     sec_per_sample 0.49    cpu_mem_gb 0.81  
[2025-12-23 16:32:13,313][main][INFO] - samples 250.0     training_loss 13953.89 training_loss_running_mean 6161.81 learning_rate 0.00020000 total_sec 112.4   sec_per_tick 0.4     sec_per_sample 0.42    cpu_mem_gb 0.86  
[2025-12-23 16:32:35,606][main][INFO] - samples 300.0     training_loss 11020.92 training_loss_running_mean 6548.68 learning_rate 0.00020000 total_sec 134.7   sec_per_tick 0.5     sec_per_sample 0.46    cpu_mem_gb 0.85  
[2025-12-23 16:32:57,926][main][INFO] - samples 350.0     training_loss 8060.47 training_loss_running_mean 6032.58 learning_rate 0.00020000 total_sec 157.0   sec_per_tick 0.5     sec_per_sample 0.48    cpu_mem_gb 0.88  
[2025-12-23 16:33:20,406][main][INFO] - samples 400.0     training_loss 3711.69 training_loss_running_mean 6049.28 learning_rate 0.00020000 total_sec 179.5   sec_per_tick 0.5     sec_per_sample 0.47    cpu_mem_gb 0.86  
[2025-12-23 16:33:43,168][main][INFO] - samples 450.0     training_loss 5861.38 training_loss_running_mean 7589.41 learning_rate 0.00020000 total_sec 202.2   sec_per_tick 0.5     sec_per_sample 0.45    cpu_mem_gb 0.85  
[2025-12-23 16:34:05,617][main][INFO] - samples 500.0     training_loss 4606.62 training_loss_running_mean 6523.37 learning_rate 0.00020000 total_sec 224.7   sec_per_tick 0.5     sec_per_sample 0.47    cpu_mem_gb 0.84  
[2025-12-23 16:34:10,981][main][INFO] - samples 512.0     training_loss 5888.26 training_loss_running_mean 5377.70 learning_rate 0.00020000 total_sec 230.0   sec_per_tick 0.5     sec_per_sample 0.46    cpu_mem_gb 0.86  
[2025-12-23 16:34:10,981][checkpoint][WARNING] - Output directory ./checkpoints_diffusion does not exist, will attempt to create
[2025-12-23 16:34:11,069][checkpoint][INFO] - Saved model state dictionary: /Users/monish/Desktop/Research Job/corrdiff_project/physicsnemo/examples/weather/corrdiff/checkpoints_diffusion/EDMPrecondSuperResolution.0.512.mdlus
[2025-12-23 16:34:11,150][checkpoint][INFO] - Saved training checkpoint: /Users/monish/Desktop/Research Job/corrdiff_project/physicsnemo/examples/weather/corrdiff/checkpoints_diffusion/checkpoint.0.512.pt
[2025-12-23 16:34:11,151][main][INFO] - Training Completed.
[1;34mwandb[0m: 
[1;34mwandb[0m: You can sync this run to the cloud by running:
[1;34mwandb[0m: [1mwandb sync wandb/wandb/offline-run-20251223_162830-r8d88q9x[0m
